TN:
SF:src\client.ts
FN:8,<instance_members_initializer>
FN:10,GMapsClient
FN:17,searchPlaces
FN:64,searchNearby
FN:106,geocode
FN:140,reverseGeocode
FN:174,getScriptUrl
FNF:7
FNH:7
FNDA:24,<instance_members_initializer>
FNDA:24,GMapsClient
FNDA:9,searchPlaces
FNDA:7,searchNearby
FNDA:5,geocode
FNDA:3,reverseGeocode
FNDA:3,getScriptUrl
DA:1,1
DA:2,1
DA:3,1
DA:4,1
DA:5,1
DA:6,1
DA:7,1
DA:8,1
DA:9,1
DA:10,1
DA:11,24
DA:12,24
DA:13,1
DA:14,1
DA:15,1
DA:16,1
DA:17,1
DA:18,9
DA:19,3
DA:20,3
DA:21,6
DA:22,6
DA:23,6
DA:24,6
DA:25,6
DA:26,6
DA:27,9
DA:28,1
DA:29,1
DA:30,9
DA:31,1
DA:32,1
DA:33,9
DA:34,1
DA:35,1
DA:36,6
DA:37,6
DA:38,6
DA:39,6
DA:40,9
DA:41,2
DA:42,2
DA:43,4
DA:44,9
DA:45,2
DA:46,2
DA:47,1
DA:48,1
DA:49,1
DA:50,1
DA:51,1
DA:52,1
DA:53,1
DA:54,1
DA:55,1
DA:56,1
DA:57,1
DA:58,9
DA:59,9
DA:60,1
DA:61,1
DA:62,1
DA:63,1
DA:64,1
DA:65,7
DA:66,2
DA:67,2
DA:68,7
DA:69,2
DA:70,2
DA:71,3
DA:72,3
DA:73,3
DA:74,3
DA:75,3
DA:76,3
DA:77,3
DA:78,3
DA:79,3
DA:80,3
DA:81,3
DA:82,7
DA:83,0
DA:84,0
DA:85,3
DA:86,7
DA:87,1
DA:88,1
DA:89,0
DA:90,0
DA:91,1
DA:92,1
DA:93,1
DA:94,1
DA:95,1
DA:96,1
DA:97,1
DA:98,1
DA:99,1
DA:100,7
DA:101,7
DA:102,1
DA:103,1
DA:104,1
DA:105,1
DA:106,1
DA:107,5
DA:108,2
DA:109,2
DA:110,3
DA:111,3
DA:112,3
DA:113,3
DA:114,3
DA:115,3
DA:116,3
DA:117,3
DA:118,3
DA:119,5
DA:120,5
DA:121,0
DA:122,0
DA:123,2
DA:124,2
DA:125,5
DA:126,1
DA:127,1
DA:128,1
DA:129,1
DA:130,1
DA:131,1
DA:132,1
DA:133,1
DA:134,1
DA:135,5
DA:136,1
DA:137,1
DA:138,1
DA:139,1
DA:140,1
DA:141,3
DA:142,2
DA:143,2
DA:144,1
DA:145,1
DA:146,1
DA:147,1
DA:148,1
DA:149,1
DA:150,1
DA:151,1
DA:152,1
DA:153,3
DA:154,3
DA:155,0
DA:156,0
DA:157,1
DA:158,1
DA:159,3
DA:160,0
DA:161,0
DA:162,1
DA:163,1
DA:164,1
DA:165,1
DA:166,1
DA:167,1
DA:168,1
DA:169,3
DA:170,1
DA:171,1
DA:172,1
DA:173,1
DA:174,1
DA:175,3
DA:176,3
DA:177,3
DA:178,3
DA:179,3
DA:180,3
DA:181,1
LF:181
LH:171
BRDA:8,0,0,24
BRDA:10,1,0,24
BRDA:17,2,0,9
BRDA:18,3,0,7
BRDA:18,4,0,7
BRDA:18,5,0,3
BRDA:20,6,0,6
BRDA:27,7,0,1
BRDA:29,8,0,6
BRDA:30,9,0,1
BRDA:32,10,0,6
BRDA:33,11,0,1
BRDA:35,12,0,6
BRDA:40,13,0,3
BRDA:40,14,0,2
BRDA:42,15,0,4
BRDA:44,16,0,0
BRDA:44,17,0,2
BRDA:46,18,0,1
BRDA:46,19,0,1
BRDA:46,20,0,1
BRDA:64,21,0,7
BRDA:65,22,0,6
BRDA:65,23,0,6
BRDA:65,24,0,5
BRDA:65,25,0,2
BRDA:67,26,0,5
BRDA:68,27,0,4
BRDA:68,28,0,2
BRDA:70,29,0,3
BRDA:82,30,0,0
BRDA:82,31,0,0
BRDA:84,32,0,3
BRDA:86,33,0,0
BRDA:86,34,0,1
BRDA:88,35,0,0
BRDA:95,36,0,0
BRDA:106,37,0,5
BRDA:107,38,0,3
BRDA:107,39,0,3
BRDA:107,40,0,2
BRDA:109,41,0,3
BRDA:119,42,0,1
BRDA:119,43,0,2
BRDA:120,44,0,0
BRDA:122,45,0,2
BRDA:125,46,0,1
BRDA:125,47,0,1
BRDA:125,48,0,1
BRDA:140,49,0,3
BRDA:141,50,0,2
BRDA:141,51,0,2
BRDA:141,52,0,1
BRDA:141,53,0,2
BRDA:143,54,0,1
BRDA:153,55,0,0
BRDA:153,56,0,1
BRDA:154,57,0,0
BRDA:156,58,0,1
BRDA:159,59,0,1
BRDA:159,60,0,0
BRDA:161,61,0,1
BRDA:174,62,0,3
BRF:63
BRH:53
end_of_record
TN:
SF:src\index.ts
FNF:0
FNH:0
DA:1,1
DA:2,1
DA:3,1
DA:4,1
DA:5,1
DA:6,1
DA:7,1
DA:8,1
DA:9,1
DA:10,1
LF:10
LH:10
BRF:0
BRH:0
end_of_record
TN:
SF:src\types.ts
FN:34,GMapsError
FNF:1
FNH:1
FNDA:19,GMapsError
DA:1,1
DA:2,1
DA:3,1
DA:4,1
DA:5,1
DA:6,1
DA:7,1
DA:8,1
DA:9,1
DA:10,1
DA:11,1
DA:12,1
DA:13,1
DA:14,1
DA:15,1
DA:16,1
DA:17,1
DA:18,1
DA:19,1
DA:20,1
DA:21,1
DA:22,1
DA:23,1
DA:24,1
DA:25,1
DA:26,1
DA:27,1
DA:28,1
DA:29,1
DA:30,1
DA:31,1
DA:32,1
DA:33,1
DA:34,1
DA:35,19
DA:36,19
DA:37,19
DA:38,19
DA:39,19
DA:40,19
DA:41,19
DA:42,1
LF:42
LH:42
BRDA:34,0,0,19
BRF:1
BRH:1
end_of_record
TN:
SF:src\utils.ts
FN:5,getCurrentPosition
FN:27,distanceMeters
FN:42,toRad
FN:49,formatDistance
FNF:4
FNH:4
FNDA:5,getCurrentPosition
FNDA:5,distanceMeters
FNDA:20,toRad
FNDA:12,formatDistance
DA:1,1
DA:2,1
DA:3,1
DA:4,1
DA:5,1
DA:6,5
DA:7,5
DA:8,1
DA:9,1
DA:10,1
DA:11,5
DA:12,1
DA:13,1
DA:14,1
DA:15,3
DA:16,3
DA:17,3
DA:18,3
DA:19,3
DA:20,3
DA:21,5
DA:22,5
DA:23,1
DA:24,1
DA:25,1
DA:26,1
DA:27,1
DA:28,5
DA:29,5
DA:30,5
DA:31,5
DA:32,5
DA:33,5
DA:34,5
DA:35,5
DA:36,5
DA:37,5
DA:38,5
DA:39,5
DA:40,5
DA:41,1
DA:42,20
DA:43,20
DA:44,20
DA:45,1
DA:46,1
DA:47,1
DA:48,1
DA:49,1
DA:50,12
DA:51,6
DA:52,6
LF:52
LH:52
BRDA:5,0,0,5
BRDA:6,1,0,5
BRDA:7,2,0,1
BRDA:10,3,0,4
BRDA:11,4,0,1
BRDA:14,5,0,3
BRDA:27,6,0,5
BRDA:42,7,0,20
BRDA:49,8,0,12
BRDA:50,9,0,6
BRF:10
BRH:10
end_of_record
